<?xml version="1.0" encoding="UTF-8" ?>
<testsuite tests="2" failures="0" name="com.trimc.blogger.commons.TextUtilsTest" time="0" errors="0" skipped="0">
  <properties>
    <property name="java.runtime.name" value="Java(TM) SE Runtime Environment"/>
    <property name="sun.boot.library.path" value="c:\Progra~1\Java\jdk1.8.0_20\jre\bin"/>
    <property name="java.vm.version" value="25.20-b23"/>
    <property name="java.vm.vendor" value="Oracle Corporation"/>
    <property name="java.vendor.url" value="http://java.oracle.com/"/>
    <property name="path.separator" value=";"/>
    <property name="guice.disable.misplaced.annotation.check" value="true"/>
    <property name="java.vm.name" value="Java HotSpot(TM) 64-Bit Server VM"/>
    <property name="file.encoding.pkg" value="sun.io"/>
    <property name="user.script" value=""/>
    <property name="user.country" value="US"/>
    <property name="sun.java.launcher" value="SUN_STANDARD"/>
    <property name="sun.os.patch.level" value=""/>
    <property name="java.vm.specification.name" value="Java Virtual Machine Specification"/>
    <property name="user.dir" value="c:\Backup\Java\workspaces\public\java-commons"/>
    <property name="java.runtime.version" value="1.8.0_20-b26"/>
    <property name="java.awt.graphicsenv" value="sun.awt.Win32GraphicsEnvironment"/>
    <property name="java.endorsed.dirs" value="c:\Progra~1\Java\jdk1.8.0_20\jre\lib\endorsed"/>
    <property name="os.arch" value="amd64"/>
    <property name="java.io.tmpdir" value="C:\Users\CRAIGT~1\AppData\Local\Temp\"/>
    <property name="line.separator" value="
"/>
    <property name="java.vm.specification.vendor" value="Oracle Corporation"/>
    <property name="user.variant" value=""/>
    <property name="os.name" value="Windows 8.1"/>
    <property name="classworlds.conf" value="c:/Backup/Java/packages/apache/maven/3.2.3/bin/m2.conf"/>
    <property name="sun.jnu.encoding" value="Cp1252"/>
    <property name="java.library.path" value="c:\Progra~1\Java\jdk1.8.0_20\bin;C:\WINDOWS\Sun\Java\bin;C:\WINDOWS\system32;C:\WINDOWS;c:\Users\craigtrim\bin;.;C:\Program Files (x86)\Git\local\bin;C:\Program Files (x86)\Git\mingw\bin;C:\Program Files (x86)\Git\bin;c:\Program Files\IBM\es\bin64;c:\Program Files\IBM\es\bin;c:\Program Files (x86)\IBM\es\distributed\bin;c:\ProgramData\Oracle\Java\javapath;c:\Program Files (x86)\Intel\iCLS Client\;c:\Program Files\Intel\iCLS Client\;c:\WINDOWS\system32;c:\WINDOWS;c:\WINDOWS\System32\Wbem;c:\WINDOWS\System32\WindowsPowerShell\v1.0\;c:\Program Files\Intel\Intel(R) Management Engine Components\DAL;c:\Program Files\Intel\Intel(R) Management Engine Components\IPT;c:\Program Files (x86)\Intel\Intel(R) Management Engine Components\DAL;c:\Program Files (x86)\Intel\Intel(R) Management Engine Components\IPT;c:\Program Files (x86)\Intel\OpenCL SDK\3.0\bin\x86;c:\Program Files (x86)\Intel\OpenCL SDK\3.0\bin\x64;c:\Program Files\Lenovo\Fingerprint Manager Pro\;c:\ProgramData\Lenovo\ReadyApps;c:\Program Files\Intel\WiFi\bin\;c:\Program Files\Common Files\Intel\WirelessCommon\;c:\Program Files\Java\jdk1.8.0_20\bin;c:\Program Files (x86)\Graphviz2.38\bin;c:\Backup\Java\packages\apache\ant\1.9.4\bin;c:\Backup\Java\packages\apache\maven\3.2.3\bin;c:\Backup\Java\workspaces\batch;c:\Software\Octave-3.6.4\bin;c:\Program Files\MySQL\MySQL Server 5.6\bin;c:\Program Files\Apache Software Foundation\Tomcat 7.0\bin;c:\Backup\VM\batch;c:\Program Files\Oracle\VirtualBox;c:\HashiCorp\Vagrant\bin;c:\Program Files (x86)\CloudFoundry;c:\Backup\Java\workspaces\vizcomm\common\projects\env;c:\Program Files\MongoDB\Server\3.0\bin;.;c:\Program Files\Boot2Docker for Windows;."/>
    <property name="java.specification.name" value="Java Platform API Specification"/>
    <property name="java.class.version" value="52.0"/>
    <property name="sun.management.compiler" value="HotSpot 64-Bit Tiered Compilers"/>
    <property name="os.version" value="6.3"/>
    <property name="user.home" value="C:\Users\craigtrim"/>
    <property name="user.timezone" value="America/Los_Angeles"/>
    <property name="java.awt.printerjob" value="sun.awt.windows.WPrinterJob"/>
    <property name="java.specification.version" value="1.8"/>
    <property name="file.encoding" value="Cp1252"/>
    <property name="user.name" value="craigtrim"/>
    <property name="java.class.path" value="c:/Backup/Java/packages/apache/maven/3.2.3/boot/plexus-classworlds-2.5.1.jar"/>
    <property name="java.vm.specification.version" value="1.8"/>
    <property name="sun.arch.data.model" value="64"/>
    <property name="java.home" value="c:\Progra~1\Java\jdk1.8.0_20\jre"/>
    <property name="sun.java.command" value="org.codehaus.plexus.classworlds.launcher.Launcher clean install"/>
    <property name="java.specification.vendor" value="Oracle Corporation"/>
    <property name="user.language" value="en"/>
    <property name="awt.toolkit" value="sun.awt.windows.WToolkit"/>
    <property name="java.vm.info" value="mixed mode"/>
    <property name="java.version" value="1.8.0_20"/>
    <property name="java.ext.dirs" value="c:\Progra~1\Java\jdk1.8.0_20\jre\lib\ext;C:\WINDOWS\Sun\Java\lib\ext"/>
    <property name="sun.boot.class.path" value="c:\Progra~1\Java\jdk1.8.0_20\jre\lib\resources.jar;c:\Progra~1\Java\jdk1.8.0_20\jre\lib\rt.jar;c:\Progra~1\Java\jdk1.8.0_20\jre\lib\sunrsasign.jar;c:\Progra~1\Java\jdk1.8.0_20\jre\lib\jsse.jar;c:\Progra~1\Java\jdk1.8.0_20\jre\lib\jce.jar;c:\Progra~1\Java\jdk1.8.0_20\jre\lib\charsets.jar;c:\Progra~1\Java\jdk1.8.0_20\jre\lib\jfr.jar;c:\Progra~1\Java\jdk1.8.0_20\jre\classes"/>
    <property name="sun.stderr.encoding" value="cp437"/>
    <property name="java.vendor" value="Oracle Corporation"/>
    <property name="maven.home" value="c:\Backup\Java\packages\apache\maven\3.2.3"/>
    <property name="file.separator" value="\"/>
    <property name="java.vendor.url.bug" value="http://bugreport.sun.com/bugreport/"/>
    <property name="sun.cpu.endian" value="little"/>
    <property name="sun.io.unicode.encoding" value="UnicodeLittle"/>
    <property name="sun.stdout.encoding" value="cp437"/>
    <property name="sun.desktop" value="windows"/>
    <property name="sun.cpu.isalist" value="amd64"/>
  </properties>
  <testcase classname="com.trimc.blogger.commons.TextUtilsTest" name="containsPunctuationExcept" time="0"/>
  <testcase classname="com.trimc.blogger.commons.TextUtilsTest" name="isAlphaPunctuationOnly" time="0"/>
</testsuite>